Using pre-set license
Built from '2020.3/staging' branch; Version is '2020.3.22f1 (e1a7f79fd887) revision 14788599'; Using compiler version '192528614'; Build Type 'Release'
OS: 'Windows 10 Home; OS build 22000.434; Version 2009; 64bit' Language: 'de' Physical Memory: 8036 MB
BatchMode: 1, IsHumanControllingUs: 0, StartBugReporterOnCrash: 0, Is64bit: 1, IsPro: 0

COMMAND LINE ARGUMENTS:
C:\Program Files\Unity\Hub\Editor\2020.3.22f1\Editor\Unity.exe
-adb2
-batchMode
-noUpm
-name
AssetImportWorker0
-projectPath
C:/Users/m-ber/Documents/Human-Robot-Interaction-2/My project
-logFile
Logs/AssetImportWorker0.log
-srvPort
55591
Successfully changed project path to: C:/Users/m-ber/Documents/Human-Robot-Interaction-2/My project
C:/Users/m-ber/Documents/Human-Robot-Interaction-2/My project
Using Asset Import Pipeline V2.
Refreshing native plugins compatible for Editor in 54.93 ms, found 2 plugins.
Preloading 0 native plugins for Editor in 0.00 ms.
Initialize engine version: 2020.3.22f1 (e1a7f79fd887)
[Subsystems] Discovering subsystems at path C:/Program Files/Unity/Hub/Editor/2020.3.22f1/Editor/Data/Resources/UnitySubsystems
[Subsystems] Discovering subsystems at path C:/Users/m-ber/Documents/Human-Robot-Interaction-2/My project/Assets
GfxDevice: creating device client; threaded=0
Direct3D:
    Version:  Direct3D 11.0 [level 11.1]
    Renderer: NVIDIA GeForce GTX 1050 (ID=0x1c91)
    Vendor:   
    VRAM:     2996 MB
    Driver:   30.0.14.7141
Initialize mono
Mono path[0] = 'C:/Program Files/Unity/Hub/Editor/2020.3.22f1/Editor/Data/Managed'
Mono path[1] = 'C:/Program Files/Unity/Hub/Editor/2020.3.22f1/Editor/Data/MonoBleedingEdge/lib/mono/unityjit'
Mono config path = 'C:/Program Files/Unity/Hub/Editor/2020.3.22f1/Editor/Data/MonoBleedingEdge/etc'
Using monoOptions --debugger-agent=transport=dt_socket,embedding=1,server=y,suspend=n,address=127.0.0.1:56468
Begin MonoManager ReloadAssembly
Registering precompiled unity dll's ...
Register platform support module: C:/Program Files/Unity/Hub/Editor/2020.3.22f1/Editor/Data/PlaybackEngines/WindowsStandaloneSupport/UnityEditor.WindowsStandalone.Extensions.dll
Registered in 0.001197 seconds.
Native extension for WindowsStandalone target not found
Refreshing native plugins compatible for Editor in 46.22 ms, found 2 plugins.
Preloading 0 native plugins for Editor in 0.00 ms.
Mono: successfully reloaded assembly
- Completed reload, in  1.514 seconds
Domain Reload Profiling:
	ReloadAssembly (1515ms)
		BeginReloadAssembly (49ms)
			ExecutionOrderSort (0ms)
			DisableScriptedObjects (0ms)
			BackupInstance (0ms)
			ReleaseScriptingObjects (0ms)
			CreateAndSetChildDomain (1ms)
		EndReloadAssembly (435ms)
			LoadAssemblies (48ms)
			RebuildTransferFunctionScriptingTraits (0ms)
			SetupTypeCache (148ms)
			ReleaseScriptCaches (0ms)
			RebuildScriptCaches (28ms)
			SetupLoadedEditorAssemblies (172ms)
				LogAssemblyErrors (0ms)
				InitializePlatformSupportModulesInManaged (4ms)
				SetLoadedEditorAssemblies (0ms)
				RefreshPlugins (46ms)
				BeforeProcessingInitializeOnLoad (12ms)
				ProcessInitializeOnLoadAttributes (83ms)
				ProcessInitializeOnLoadMethodAttributes (27ms)
				AfterProcessingInitializeOnLoad (0ms)
				EditorAssembliesLoaded (0ms)
			ExecutionOrderSort2 (0ms)
			AwakeInstancesAfterBackupRestoration (0ms)
Platform modules already initialized, skipping
Registering precompiled user dll's ...
Registered in 0.005722 seconds.
Begin MonoManager ReloadAssembly
Native extension for WindowsStandalone target not found
Refreshing native plugins compatible for Editor in 0.45 ms, found 2 plugins.
Preloading 0 native plugins for Editor in 0.00 ms.
Mono: successfully reloaded assembly
- Completed reload, in  1.668 seconds
Domain Reload Profiling:
	ReloadAssembly (1669ms)
		BeginReloadAssembly (140ms)
			ExecutionOrderSort (0ms)
			DisableScriptedObjects (4ms)
			BackupInstance (0ms)
			ReleaseScriptingObjects (0ms)
			CreateAndSetChildDomain (18ms)
		EndReloadAssembly (1471ms)
			LoadAssemblies (82ms)
			RebuildTransferFunctionScriptingTraits (0ms)
			SetupTypeCache (300ms)
			ReleaseScriptCaches (0ms)
			RebuildScriptCaches (51ms)
			SetupLoadedEditorAssemblies (944ms)
				LogAssemblyErrors (0ms)
				InitializePlatformSupportModulesInManaged (5ms)
				SetLoadedEditorAssemblies (0ms)
				RefreshPlugins (1ms)
				BeforeProcessingInitializeOnLoad (79ms)
				ProcessInitializeOnLoadAttributes (847ms)
				ProcessInitializeOnLoadMethodAttributes (8ms)
				AfterProcessingInitializeOnLoad (4ms)
				EditorAssembliesLoaded (0ms)
			ExecutionOrderSort2 (0ms)
			AwakeInstancesAfterBackupRestoration (6ms)
Platform modules already initialized, skipping
========================================================================
Worker process is ready to serve import requests
Launched and connected shader compiler UnityShaderCompiler.exe after 0.05 seconds
Refreshing native plugins compatible for Editor in 0.52 ms, found 2 plugins.
Preloading 0 native plugins for Editor in 0.00 ms.
Unloading 1994 Unused Serialized files (Serialized files now loaded: 0)
System memory in use before: 107.3 MB.
System memory in use after: 107.3 MB.

Unloading 21 unused Assets to reduce memory usage. Loaded Objects now: 2444.
Total: 3.324700 ms (FindLiveObjects: 0.208400 ms CreateObjectMapping: 0.094200 ms MarkObjects: 2.860300 ms  DeleteObjects: 0.160300 ms)

AssetImportParameters requested are different than current active one (requested -> active):
  custom:framework-win-MediaFoundation: 216162199b28c13a410421893ffa2e32 -> 
  custom:video-decoder-ogg-theora: a1e56fd34408186e4bbccfd4996cb3dc -> 
  custom:container-muxer-webm: aa71ff27fc2769a1b78a27578f13a17b -> 
  custom:container-demuxer-webm: 4f35f7cbe854078d1ac9338744f61a02 -> 
  custom:container-demuxer-ogg: 62fdf1f143b41e24485cea50d1cbac27 -> 
  custom:video-encoder-webm-vp8: eb34c28f22e8b96e1ab97ce403110664 -> 
  custom:video-codec-MediaFoundation-h265: 746d11721c4dcdbdad8f713fa42b33f4 -> 
  custom:video-decoder-webm-vp8: 9c59270c3fd7afecdb556c50c9e8de78 -> 
  custom:audio-decoder-ogg-vorbis: bf7c407c2cedff20999df2af8eb42d56 -> 
  custom:audio-encoder-webm-vorbis: bf7c407c2cedff20999df2af8eb42d56 -> 
========================================================================
Received Import Request.
  path: Assets/Kevin Iglesias/Basic Motions/AnimationControllers/TestingSecondPath.controller
  artifactKey: Guid(eb720979da8f87c47a459d5616b657da) Importer(815301076,1909f56bfc062723c751e8b465ee728b)
Start importing Assets/Kevin Iglesias/Basic Motions/AnimationControllers/TestingSecondPath.controller using Guid(eb720979da8f87c47a459d5616b657da) Importer(815301076,1909f56bfc062723c751e8b465ee728b)  -> (artifact id: 'c2e03a75334f421c91c397e3063657c4') in 0.062798 seconds 
  Import took 0.067567 seconds .

========================================================================
Received Import Request.
  Time since last request: 172.628523 seconds.
  path: Assets/TurnSecondGen
  artifactKey: Guid(4f5ebe936528cf74f935f5166495c499) Importer(815301076,1909f56bfc062723c751e8b465ee728b)
Start importing Assets/TurnSecondGen using Guid(4f5ebe936528cf74f935f5166495c499) Importer(815301076,1909f56bfc062723c751e8b465ee728b)  -> (artifact id: '1f54f42c751f495ed99576d060eebfa5') in 0.024470 seconds 
  Import took 0.028873 seconds .

========================================================================
Received Import Request.
  Time since last request: 0.068541 seconds.
  path: Assets/TurnSecondGen/Left Turn.fbx
  artifactKey: Guid(0225d63f6982ed741863642b80ed88fd) Importer(815301076,1909f56bfc062723c751e8b465ee728b)
Start importing Assets/TurnSecondGen/Left Turn.fbx using Guid(0225d63f6982ed741863642b80ed88fd) Importer(815301076,1909f56bfc062723c751e8b465ee728b)  -> (artifact id: 'd58561476712dc591d83c57a810cff5c') in 0.093552 seconds 
  Import took 0.097248 seconds .

========================================================================
Received Import Request.
  Time since last request: 3.831773 seconds.
  path: Assets/Medicine_chest _Free_pharmacy_set
  artifactKey: Guid(c152c028786931041a476e1602013ac5) Importer(815301076,1909f56bfc062723c751e8b465ee728b)
Start importing Assets/Medicine_chest _Free_pharmacy_set using Guid(c152c028786931041a476e1602013ac5) Importer(815301076,1909f56bfc062723c751e8b465ee728b)  -> (artifact id: '00c43352456be2793d228da4376af35a') in 0.022593 seconds 
  Import took 0.026529 seconds .

========================================================================
Received Import Request.
  Time since last request: 276.349577 seconds.
  path: Assets/Hospital Room
  artifactKey: Guid(829dec2dadb514b6ba504fa28e5b7b26) Importer(815301076,1909f56bfc062723c751e8b465ee728b)
Start importing Assets/Hospital Room using Guid(829dec2dadb514b6ba504fa28e5b7b26) Importer(815301076,1909f56bfc062723c751e8b465ee728b)  -> (artifact id: '5a0665a1e490a0f5346676ee13befce6') in 0.022647 seconds 
  Import took 0.026753 seconds .

========================================================================
Received Import Request.
  Time since last request: 4.917451 seconds.
  path: Assets/Kevin Iglesias
  artifactKey: Guid(64deb88e94ff4184c968c27b974ca1b7) Importer(815301076,1909f56bfc062723c751e8b465ee728b)
Start importing Assets/Kevin Iglesias using Guid(64deb88e94ff4184c968c27b974ca1b7) Importer(815301076,1909f56bfc062723c751e8b465ee728b)  -> (artifact id: '7d8dd0d718bdf84dc1b6332257da1116') in 0.022287 seconds 
  Import took 0.026172 seconds .

========================================================================
Received Import Request.
  Time since last request: 2.197721 seconds.
  path: Assets/Materials
  artifactKey: Guid(eba6821000ad86649abf29919ede4902) Importer(815301076,1909f56bfc062723c751e8b465ee728b)
Start importing Assets/Materials using Guid(eba6821000ad86649abf29919ede4902) Importer(815301076,1909f56bfc062723c751e8b465ee728b)  -> (artifact id: '33a7e2502fbab421d26d0149d0edf2c2') in 0.022382 seconds 
  Import took 0.025989 seconds .

========================================================================
Received Import Request.
  Time since last request: 0.055385 seconds.
  path: Assets/Materials/10117_iPad_Tablet-PC_v01_difuse.mat
  artifactKey: Guid(ccba6ec3d603da4428805c104b68200f) Importer(815301076,1909f56bfc062723c751e8b465ee728b)
Start importing Assets/Materials/10117_iPad_Tablet-PC_v01_difuse.mat using Guid(ccba6ec3d603da4428805c104b68200f) Importer(815301076,1909f56bfc062723c751e8b465ee728b)  -> (artifact id: '0e591b1178674e2a9a1db3afc986dde0') in 0.287874 seconds 
  Import took 0.292003 seconds .

========================================================================
Received Import Request.
  Time since last request: 6.458375 seconds.
  path: Assets/Meshes
  artifactKey: Guid(f0b236f841b6a864890d5604006d37be) Importer(815301076,1909f56bfc062723c751e8b465ee728b)
Start importing Assets/Meshes using Guid(f0b236f841b6a864890d5604006d37be) Importer(815301076,1909f56bfc062723c751e8b465ee728b)  -> (artifact id: '210a1c20aa94b85a0db09b55aa654b51') in 0.023580 seconds 
  Import took 0.027835 seconds .

========================================================================
Received Import Request.
  Time since last request: 1.412972 seconds.
  path: Assets/Meshes/Decorative plants
  artifactKey: Guid(9efb015796bd5244b97365da40748235) Importer(815301076,1909f56bfc062723c751e8b465ee728b)
Start importing Assets/Meshes/Decorative plants using Guid(9efb015796bd5244b97365da40748235) Importer(815301076,1909f56bfc062723c751e8b465ee728b)  -> (artifact id: 'f02738f4eeef38e86c86cc4edc9a81f1') in 0.022553 seconds 
  Import took 0.026015 seconds .

========================================================================
Received Import Request.
  Time since last request: 0.072806 seconds.
  path: Assets/Meshes/Decorative plants/All plants.prefab
  artifactKey: Guid(10921d6049a7eb64bb47242accd6fb99) Importer(815301076,1909f56bfc062723c751e8b465ee728b)
Start importing Assets/Meshes/Decorative plants/All plants.prefab using Guid(10921d6049a7eb64bb47242accd6fb99) Importer(815301076,1909f56bfc062723c751e8b465ee728b)  -> (artifact id: 'bcec57c658ae05d974efe4839144d07b') in 0.290946 seconds 
  Import took 0.295379 seconds .

========================================================================
Received Import Request.
  Time since last request: 0.000196 seconds.
  path: Assets/Meshes/Decorative plants/Triangle pot shrub plant prefab.prefab
  artifactKey: Guid(bce569b12951f4841ba3a7dfef62ec63) Importer(815301076,1909f56bfc062723c751e8b465ee728b)
Start importing Assets/Meshes/Decorative plants/Triangle pot shrub plant prefab.prefab using Guid(bce569b12951f4841ba3a7dfef62ec63) Importer(815301076,1909f56bfc062723c751e8b465ee728b)  -> (artifact id: 'd6e6d1d34a1d6e93688103fb52bcfbc7') in 0.039286 seconds 
  Import took 0.042807 seconds .

========================================================================
Received Import Request.
  Time since last request: 0.000171 seconds.
  path: Assets/Meshes/Decorative plants/Cylinder pot pine plant prefab.prefab
  artifactKey: Guid(a8c9045798e9abb48a3a17bd027abcd0) Importer(815301076,1909f56bfc062723c751e8b465ee728b)
Start importing Assets/Meshes/Decorative plants/Cylinder pot pine plant prefab.prefab using Guid(a8c9045798e9abb48a3a17bd027abcd0) Importer(815301076,1909f56bfc062723c751e8b465ee728b)  -> (artifact id: 'd7e639057fc3831700e8b0aa7b4f90b7') in 0.039034 seconds 
  Import took 0.042141 seconds .

========================================================================
Received Import Request.
  Time since last request: 0.000167 seconds.
  path: Assets/Meshes/Decorative plants/Square pot palm plant prefab.prefab
  artifactKey: Guid(64c1854a58317e84dabd0a9fb158b4a1) Importer(815301076,1909f56bfc062723c751e8b465ee728b)
Start importing Assets/Meshes/Decorative plants/Square pot palm plant prefab.prefab using Guid(64c1854a58317e84dabd0a9fb158b4a1) Importer(815301076,1909f56bfc062723c751e8b465ee728b)  -> (artifact id: 'fdd4749c731856f1d95453663f589611') in 0.034100 seconds 
  Import took 0.037245 seconds .

========================================================================
Received Import Request.
  Time since last request: 0.000177 seconds.
  path: Assets/Meshes/Decorative plants/Cross pot spikes plant prefab.prefab
  artifactKey: Guid(e9339893aba8fb94d99782dd4086c407) Importer(815301076,1909f56bfc062723c751e8b465ee728b)
Start importing Assets/Meshes/Decorative plants/Cross pot spikes plant prefab.prefab using Guid(e9339893aba8fb94d99782dd4086c407) Importer(815301076,1909f56bfc062723c751e8b465ee728b)  -> (artifact id: '1f3d28857250ffc949946eac1a4e114c') in 0.033019 seconds 
  Import took 0.036022 seconds .

========================================================================
Received Import Request.
  Time since last request: 0.000162 seconds.
  path: Assets/Meshes/Decorative plants/Triangle pot bamboo plant prefab.prefab
  artifactKey: Guid(db526b954290b2148a341be6966d99e0) Importer(815301076,1909f56bfc062723c751e8b465ee728b)
Start importing Assets/Meshes/Decorative plants/Triangle pot bamboo plant prefab.prefab using Guid(db526b954290b2148a341be6966d99e0) Importer(815301076,1909f56bfc062723c751e8b465ee728b)  -> (artifact id: '3da1292830badcee71772fcf1c8270ac') in 0.036491 seconds 
  Import took 0.039860 seconds .

========================================================================
Received Import Request.
  Time since last request: 0.000224 seconds.
  path: Assets/Meshes/Decorative plants/Triangle pot pine plant prefab.prefab
  artifactKey: Guid(06ab54588ffd13946b5a335e726b7f16) Importer(815301076,1909f56bfc062723c751e8b465ee728b)
Start importing Assets/Meshes/Decorative plants/Triangle pot pine plant prefab.prefab using Guid(06ab54588ffd13946b5a335e726b7f16) Importer(815301076,1909f56bfc062723c751e8b465ee728b)  -> (artifact id: '983203798e02a1a618aecdc043874103') in 0.034689 seconds 
  Import took 0.038055 seconds .

========================================================================
Received Import Request.
  Time since last request: 0.000172 seconds.
  path: Assets/Meshes/Decorative plants/Sphere pot pine plant prefab.prefab
  artifactKey: Guid(6f418055a7a671248914cc59682de6a7) Importer(815301076,1909f56bfc062723c751e8b465ee728b)
Start importing Assets/Meshes/Decorative plants/Sphere pot pine plant prefab.prefab using Guid(6f418055a7a671248914cc59682de6a7) Importer(815301076,1909f56bfc062723c751e8b465ee728b)  -> (artifact id: '3fcb7bf8e60deb214ff2e5205e26a9a6') in 0.034581 seconds 
  Import took 0.037998 seconds .

========================================================================
Received Import Request.
  Time since last request: 0.000165 seconds.
  path: Assets/Meshes/Decorative plants/Cross pot palm plant prefab.prefab
  artifactKey: Guid(a5a77cb7eb6ae1f4eb6ba84f33a38270) Importer(815301076,1909f56bfc062723c751e8b465ee728b)
Start importing Assets/Meshes/Decorative plants/Cross pot palm plant prefab.prefab using Guid(a5a77cb7eb6ae1f4eb6ba84f33a38270) Importer(815301076,1909f56bfc062723c751e8b465ee728b)  -> (artifact id: 'd9f2cb307668a8f87249e5b31998f856') in 0.034345 seconds 
  Import took 0.037191 seconds .

========================================================================
Received Import Request.
  Time since last request: 0.000220 seconds.
  path: Assets/Meshes/Decorative plants/Cylinder pot shrub plant prefab.prefab
  artifactKey: Guid(c4df05c17088d9841890400ce9a08276) Importer(815301076,1909f56bfc062723c751e8b465ee728b)
Start importing Assets/Meshes/Decorative plants/Cylinder pot shrub plant prefab.prefab using Guid(c4df05c17088d9841890400ce9a08276) Importer(815301076,1909f56bfc062723c751e8b465ee728b)  -> (artifact id: 'bd737c6fa4c0997f235868001a4f6495') in 0.033119 seconds 
  Import took 0.036629 seconds .

========================================================================
Received Import Request.
  Time since last request: 0.000181 seconds.
  path: Assets/Meshes/Decorative plants/Cross pot bamboo plant prefab.prefab
  artifactKey: Guid(55bc548e378cf67408e08c3072250017) Importer(815301076,1909f56bfc062723c751e8b465ee728b)
Start importing Assets/Meshes/Decorative plants/Cross pot bamboo plant prefab.prefab using Guid(55bc548e378cf67408e08c3072250017) Importer(815301076,1909f56bfc062723c751e8b465ee728b)  -> (artifact id: 'fda7cc8fc9a0e15658fcb324ffdd7ba6') in 0.034447 seconds 
  Import took 0.037347 seconds .

========================================================================
Received Import Request.
  Time since last request: 0.000169 seconds.
  path: Assets/Meshes/Decorative plants/Cross pot shrub plant prefab.prefab
  artifactKey: Guid(dab2771aba2520141b970eea05beff60) Importer(815301076,1909f56bfc062723c751e8b465ee728b)
Start importing Assets/Meshes/Decorative plants/Cross pot shrub plant prefab.prefab using Guid(dab2771aba2520141b970eea05beff60) Importer(815301076,1909f56bfc062723c751e8b465ee728b)  -> (artifact id: '9048d3c02114cf1ba48d206b5328ba27') in 0.033378 seconds 
  Import took 0.036375 seconds .

========================================================================
Received Import Request.
  Time since last request: 0.000161 seconds.
  path: Assets/Meshes/Decorative plants/Square pot shrub plant prefab.prefab
  artifactKey: Guid(5c2d005ed687988429365cfeae7acfed) Importer(815301076,1909f56bfc062723c751e8b465ee728b)
Start importing Assets/Meshes/Decorative plants/Square pot shrub plant prefab.prefab using Guid(5c2d005ed687988429365cfeae7acfed) Importer(815301076,1909f56bfc062723c751e8b465ee728b)  -> (artifact id: 'e6818b7f91045e3d036144d4cade4109') in 0.034213 seconds 
  Import took 0.037832 seconds .

========================================================================
Received Import Request.
  Time since last request: 0.000164 seconds.
  path: Assets/Meshes/Decorative plants/Cylinder pot palm plant prefab.prefab
  artifactKey: Guid(60f38ecd7f8c80e42b2a3e548a48a1a3) Importer(815301076,1909f56bfc062723c751e8b465ee728b)
Start importing Assets/Meshes/Decorative plants/Cylinder pot palm plant prefab.prefab using Guid(60f38ecd7f8c80e42b2a3e548a48a1a3) Importer(815301076,1909f56bfc062723c751e8b465ee728b)  -> (artifact id: '629b78e5116e3b304611af3efc75a078') in 0.035663 seconds 
  Import took 0.038999 seconds .

========================================================================
Received Import Request.
  Time since last request: 0.000165 seconds.
  path: Assets/Meshes/Decorative plants/Square pot spikes plant prefab.prefab
  artifactKey: Guid(5ccb6dbe807501c498e905276f812569) Importer(815301076,1909f56bfc062723c751e8b465ee728b)
Start importing Assets/Meshes/Decorative plants/Square pot spikes plant prefab.prefab using Guid(5ccb6dbe807501c498e905276f812569) Importer(815301076,1909f56bfc062723c751e8b465ee728b)  -> (artifact id: '7159c86b6174230740d8885d037e6c24') in 0.033261 seconds 
  Import took 0.036622 seconds .

========================================================================
Received Import Request.
  Time since last request: 0.000165 seconds.
  path: Assets/Meshes/Decorative plants/Sphere pot spikes plant prefab.prefab
  artifactKey: Guid(5eaff67a0a5636d4c85091e5ba989106) Importer(815301076,1909f56bfc062723c751e8b465ee728b)
Start importing Assets/Meshes/Decorative plants/Sphere pot spikes plant prefab.prefab using Guid(5eaff67a0a5636d4c85091e5ba989106) Importer(815301076,1909f56bfc062723c751e8b465ee728b)  -> (artifact id: 'c20f470365f5a14da9e7f783a4c7fafe') in 0.036311 seconds 
  Import took 0.039694 seconds .

========================================================================
Received Import Request.
  Time since last request: 0.000184 seconds.
  path: Assets/Meshes/Decorative plants/Triangle pot palm plant prefab.prefab
  artifactKey: Guid(04b29823c958e0b47a66152b64218248) Importer(815301076,1909f56bfc062723c751e8b465ee728b)
Start importing Assets/Meshes/Decorative plants/Triangle pot palm plant prefab.prefab using Guid(04b29823c958e0b47a66152b64218248) Importer(815301076,1909f56bfc062723c751e8b465ee728b)  -> (artifact id: 'e1c26ceaab3438b493d9523534eefe8b') in 0.037614 seconds 
  Import took 0.041237 seconds .

========================================================================
Received Import Request.
  Time since last request: 0.000185 seconds.
  path: Assets/Meshes/Decorative plants/Sphere pot palm plant prefab.prefab
  artifactKey: Guid(1c771214f2a55fc40842b4d128887860) Importer(815301076,1909f56bfc062723c751e8b465ee728b)
Start importing Assets/Meshes/Decorative plants/Sphere pot palm plant prefab.prefab using Guid(1c771214f2a55fc40842b4d128887860) Importer(815301076,1909f56bfc062723c751e8b465ee728b)  -> (artifact id: '93d18076f63be8d9a064b6e182aecba8') in 0.034860 seconds 
  Import took 0.038404 seconds .

========================================================================
Received Import Request.
  Time since last request: 0.000164 seconds.
  path: Assets/Meshes/Decorative plants/Square pot pine plant prefab.prefab
  artifactKey: Guid(1520c044ce2d91149a85b0e433b3ed2f) Importer(815301076,1909f56bfc062723c751e8b465ee728b)
Start importing Assets/Meshes/Decorative plants/Square pot pine plant prefab.prefab using Guid(1520c044ce2d91149a85b0e433b3ed2f) Importer(815301076,1909f56bfc062723c751e8b465ee728b)  -> (artifact id: '127adc15ab5de1fc5c6e5539b1133dec') in 0.033407 seconds 
  Import took 0.036669 seconds .

========================================================================
Received Import Request.
  Time since last request: 0.000161 seconds.
  path: Assets/Meshes/Decorative plants/Sphere pot shrub plant prefab.prefab
  artifactKey: Guid(644d2ca1049972c438156abace92092b) Importer(815301076,1909f56bfc062723c751e8b465ee728b)
Start importing Assets/Meshes/Decorative plants/Sphere pot shrub plant prefab.prefab using Guid(644d2ca1049972c438156abace92092b) Importer(815301076,1909f56bfc062723c751e8b465ee728b)  -> (artifact id: 'ad02c558e3291a967eec0813b1ed0768') in 0.032897 seconds 
  Import took 0.036430 seconds .

========================================================================
Received Import Request.
  Time since last request: 0.000228 seconds.
  path: Assets/Meshes/Decorative plants/Square pot bamboo plant prefab.prefab
  artifactKey: Guid(e859b62020d71e14881eda00dc41a1eb) Importer(815301076,1909f56bfc062723c751e8b465ee728b)
Start importing Assets/Meshes/Decorative plants/Square pot bamboo plant prefab.prefab using Guid(e859b62020d71e14881eda00dc41a1eb) Importer(815301076,1909f56bfc062723c751e8b465ee728b)  -> (artifact id: '56b3bf4a7fe74324d11f77135d64ac66') in 0.033416 seconds 
  Import took 0.036859 seconds .

========================================================================
Received Import Request.
  Time since last request: 0.000166 seconds.
  path: Assets/Meshes/Decorative plants/Cylinder pot bamboo plant prefab.prefab
  artifactKey: Guid(01e90580502427a4896001de24e694f0) Importer(815301076,1909f56bfc062723c751e8b465ee728b)
Start importing Assets/Meshes/Decorative plants/Cylinder pot bamboo plant prefab.prefab using Guid(01e90580502427a4896001de24e694f0) Importer(815301076,1909f56bfc062723c751e8b465ee728b)  -> (artifact id: 'e7f03ec7ce244bb882ad134b29a85def') in 0.036639 seconds 
  Import took 0.040426 seconds .

========================================================================
Received Import Request.
  Time since last request: 0.000172 seconds.
  path: Assets/Meshes/Decorative plants/Cross pot pine plant prefab.prefab
  artifactKey: Guid(332026c5f18a75e419e365dc721676de) Importer(815301076,1909f56bfc062723c751e8b465ee728b)
Start importing Assets/Meshes/Decorative plants/Cross pot pine plant prefab.prefab using Guid(332026c5f18a75e419e365dc721676de) Importer(815301076,1909f56bfc062723c751e8b465ee728b)  -> (artifact id: 'c9361afc5a6236552449f34e6e28c7f8') in 0.033751 seconds 
  Import took 0.036897 seconds .

========================================================================
Received Import Request.
  Time since last request: 0.000202 seconds.
  path: Assets/Meshes/Decorative plants/Triangle pot spikes plant prefab.prefab
  artifactKey: Guid(d849bf0c2f7391c4b865970fde81d96b) Importer(815301076,1909f56bfc062723c751e8b465ee728b)
Start importing Assets/Meshes/Decorative plants/Triangle pot spikes plant prefab.prefab using Guid(d849bf0c2f7391c4b865970fde81d96b) Importer(815301076,1909f56bfc062723c751e8b465ee728b)  -> (artifact id: 'fb8f30b5bb6483f4bd71556e4e226b00') in 0.034671 seconds 
  Import took 0.038362 seconds .

========================================================================
Received Import Request.
  Time since last request: 0.000164 seconds.
  path: Assets/Meshes/Decorative plants/Cylinder pot spikes plant prefab.prefab
  artifactKey: Guid(d1f0d1a7add2711488cf49debe3262c7) Importer(815301076,1909f56bfc062723c751e8b465ee728b)
Start importing Assets/Meshes/Decorative plants/Cylinder pot spikes plant prefab.prefab using Guid(d1f0d1a7add2711488cf49debe3262c7) Importer(815301076,1909f56bfc062723c751e8b465ee728b)  -> (artifact id: 'b65de4ea2d7d3720c165851928b2af29') in 0.033947 seconds 
  Import took 0.037246 seconds .

========================================================================
Received Import Request.
  Time since last request: 0.000181 seconds.
  path: Assets/Meshes/Decorative plants/Sphere pot bamboo plant prefab.prefab
  artifactKey: Guid(0efc7e5a6c0cd834d8103a10e19c512c) Importer(815301076,1909f56bfc062723c751e8b465ee728b)
Start importing Assets/Meshes/Decorative plants/Sphere pot bamboo plant prefab.prefab using Guid(0efc7e5a6c0cd834d8103a10e19c512c) Importer(815301076,1909f56bfc062723c751e8b465ee728b)  -> (artifact id: '8e9b4cfbb267ed63b67e472eeeac47d3') in 0.033497 seconds 
  Import took 0.036827 seconds .

========================================================================
Received Import Request.
  Time since last request: 94.714939 seconds.
  path: Assets/Meshes/Decorative plants/Meshes
  artifactKey: Guid(5ea78ef0af8acd24889299761df08467) Importer(815301076,1909f56bfc062723c751e8b465ee728b)
Start importing Assets/Meshes/Decorative plants/Meshes using Guid(5ea78ef0af8acd24889299761df08467) Importer(815301076,1909f56bfc062723c751e8b465ee728b)  -> (artifact id: 'c0fef18bdd2a1e0ba0e5b0b5b314ad4c') in 0.031739 seconds 
  Import took 0.036240 seconds .

========================================================================
Received Import Request.
  Time since last request: 0.064171 seconds.
  path: Assets/Meshes/Decorative plants/Meshes/Decorative plants.obj
  artifactKey: Guid(9bde7338ed7c8a141b7a2e71c75febbe) Importer(815301076,1909f56bfc062723c751e8b465ee728b)
Start importing Assets/Meshes/Decorative plants/Meshes/Decorative plants.obj using Guid(9bde7338ed7c8a141b7a2e71c75febbe) Importer(815301076,1909f56bfc062723c751e8b465ee728b)  -> (artifact id: '8fc75d438a4b508e643f3a456085ac5f') in 0.458109 seconds 
  Import took 0.468144 seconds .

========================================================================
Received Import Request.
  Time since last request: 7.393039 seconds.
  path: Assets/Plant
  artifactKey: Guid(f0b236f841b6a864890d5604006d37be) Importer(815301076,1909f56bfc062723c751e8b465ee728b)
Start importing Assets/Plant using Guid(f0b236f841b6a864890d5604006d37be) Importer(815301076,1909f56bfc062723c751e8b465ee728b)  -> (artifact id: '1bb6454451816e4ac325291bce7526ac') in 0.053265 seconds 
  Import took 0.068752 seconds .

========================================================================
Received Import Request.
  Time since last request: 34.361133 seconds.
  path: Assets/Medicine_chest _Free_pharmacy_set/Models
  artifactKey: Guid(4741e978cdb6f53408912beddc541e32) Importer(815301076,1909f56bfc062723c751e8b465ee728b)
Start importing Assets/Medicine_chest _Free_pharmacy_set/Models using Guid(4741e978cdb6f53408912beddc541e32) Importer(815301076,1909f56bfc062723c751e8b465ee728b)  -> (artifact id: '77bc1eb6662d6f8935f3ebccb9a90d47') in 0.023242 seconds 
  Import took 0.027084 seconds .

========================================================================
Received Import Request.
  Time since last request: 0.063490 seconds.
  path: Assets/Medicine_chest _Free_pharmacy_set/Models/Bandage.fbx
  artifactKey: Guid(cb1629bc8e87bfb4d87177db086af6f2) Importer(815301076,1909f56bfc062723c751e8b465ee728b)
Start importing Assets/Medicine_chest _Free_pharmacy_set/Models/Bandage.fbx using Guid(cb1629bc8e87bfb4d87177db086af6f2) Importer(815301076,1909f56bfc062723c751e8b465ee728b)  -> (artifact id: 'a37ef7836705882cd1b557738fa4b6d0') in 0.233518 seconds 
  Import took 0.236929 seconds .

========================================================================
Received Import Request.
  Time since last request: 0.000208 seconds.
  path: Assets/Medicine_chest _Free_pharmacy_set/Models/Patch.fbx
  artifactKey: Guid(095b02c5ee6576f40b141af933bfed89) Importer(815301076,1909f56bfc062723c751e8b465ee728b)
Start importing Assets/Medicine_chest _Free_pharmacy_set/Models/Patch.fbx using Guid(095b02c5ee6576f40b141af933bfed89) Importer(815301076,1909f56bfc062723c751e8b465ee728b)  -> (artifact id: 'a22d641e374a6c0be03d8b7c751f7871') in 0.101439 seconds 
  Import took 0.105958 seconds .

========================================================================
Received Import Request.
  Time since last request: 0.000165 seconds.
  path: Assets/Medicine_chest _Free_pharmacy_set/Models/Sunscreen.fbx
  artifactKey: Guid(f280263e5b6bd7f4b8d7aeb3e4fc09c9) Importer(815301076,1909f56bfc062723c751e8b465ee728b)
Start importing Assets/Medicine_chest _Free_pharmacy_set/Models/Sunscreen.fbx using Guid(f280263e5b6bd7f4b8d7aeb3e4fc09c9) Importer(815301076,1909f56bfc062723c751e8b465ee728b)  -> (artifact id: '88a1bdec50a7c352cddcd4303f85776f') in 0.085039 seconds 
  Import took 0.089094 seconds .

========================================================================
Received Import Request.
  Time since last request: 0.000171 seconds.
  path: Assets/Medicine_chest _Free_pharmacy_set/Models/Jar_Pills.fbx
  artifactKey: Guid(03c46dbce9e47f040a0dc35f51084f07) Importer(815301076,1909f56bfc062723c751e8b465ee728b)
Start importing Assets/Medicine_chest _Free_pharmacy_set/Models/Jar_Pills.fbx using Guid(03c46dbce9e47f040a0dc35f51084f07) Importer(815301076,1909f56bfc062723c751e8b465ee728b)  -> (artifact id: '68d971017ed88b1ad44e7b80f793bb00') in 0.411975 seconds 
  Import took 0.418483 seconds .

========================================================================
Received Import Request.
  Time since last request: 0.000192 seconds.
  path: Assets/Medicine_chest _Free_pharmacy_set/Models/Scissors.fbx
  artifactKey: Guid(0e264041bbcf01546bec7b6261eeba69) Importer(815301076,1909f56bfc062723c751e8b465ee728b)
Start importing Assets/Medicine_chest _Free_pharmacy_set/Models/Scissors.fbx using Guid(0e264041bbcf01546bec7b6261eeba69) Importer(815301076,1909f56bfc062723c751e8b465ee728b)  -> (artifact id: '553e9a9847600b83d87fcb5d4d177f6e') in 0.080035 seconds 
  Import took 0.084591 seconds .

========================================================================
Received Import Request.
  Time since last request: 0.000173 seconds.
  path: Assets/Medicine_chest _Free_pharmacy_set/Models/Brilliant_Green.fbx
  artifactKey: Guid(8e1dc57411121f542ae24e2aca172939) Importer(815301076,1909f56bfc062723c751e8b465ee728b)
Start importing Assets/Medicine_chest _Free_pharmacy_set/Models/Brilliant_Green.fbx using Guid(8e1dc57411121f542ae24e2aca172939) Importer(815301076,1909f56bfc062723c751e8b465ee728b)  -> (artifact id: '7a37e9d954993b94f1a9768e77d1200f') in 0.047805 seconds 
  Import took 0.051064 seconds .

========================================================================
Received Import Request.
  Time since last request: 0.000167 seconds.
  path: Assets/Medicine_chest _Free_pharmacy_set/Models/Pills.fbx
  artifactKey: Guid(fbc7a062864c7294fa99e1efbe3658e0) Importer(815301076,1909f56bfc062723c751e8b465ee728b)
Start importing Assets/Medicine_chest _Free_pharmacy_set/Models/Pills.fbx using Guid(fbc7a062864c7294fa99e1efbe3658e0) Importer(815301076,1909f56bfc062723c751e8b465ee728b)  -> (artifact id: '1b1f56819680c6c0d26b32a077404d40') in 0.217331 seconds 
  Import took 0.223693 seconds .

========================================================================
Received Import Request.
  Time since last request: 0.000188 seconds.
  path: Assets/Medicine_chest _Free_pharmacy_set/Models/Enema.fbx
  artifactKey: Guid(939be2488f4742449be3c0baff75d676) Importer(815301076,1909f56bfc062723c751e8b465ee728b)
Start importing Assets/Medicine_chest _Free_pharmacy_set/Models/Enema.fbx using Guid(939be2488f4742449be3c0baff75d676) Importer(815301076,1909f56bfc062723c751e8b465ee728b)  -> (artifact id: 'e122079b66c929f0676ef61f971d79c8') in 0.057238 seconds 
  Import took 0.060480 seconds .

========================================================================
Received Import Request.
  Time since last request: 0.000246 seconds.
  path: Assets/Medicine_chest _Free_pharmacy_set/Models/First_Aid_Kit.fbx
  artifactKey: Guid(a8937b157328c2c4586d7b4ad823dba1) Importer(815301076,1909f56bfc062723c751e8b465ee728b)
Start importing Assets/Medicine_chest _Free_pharmacy_set/Models/First_Aid_Kit.fbx using Guid(a8937b157328c2c4586d7b4ad823dba1) Importer(815301076,1909f56bfc062723c751e8b465ee728b)  -> (artifact id: 'afa47bd3e6f1d9f82824b763ab7fdf71') in 0.079628 seconds 
  Import took 0.083328 seconds .

========================================================================
Received Import Request.
  Time since last request: 0.000161 seconds.
  path: Assets/Medicine_chest _Free_pharmacy_set/Models/Stretch_Cream.fbx
  artifactKey: Guid(94ad69e8e2b31df4eb322513617bd45b) Importer(815301076,1909f56bfc062723c751e8b465ee728b)
Start importing Assets/Medicine_chest _Free_pharmacy_set/Models/Stretch_Cream.fbx using Guid(94ad69e8e2b31df4eb322513617bd45b) Importer(815301076,1909f56bfc062723c751e8b465ee728b)  -> (artifact id: 'f360eb6cfbd392ec2185845246c467d9') in 0.070592 seconds 
  Import took 0.074104 seconds .

========================================================================
Received Import Request.
  Time since last request: 0.000164 seconds.
  path: Assets/Medicine_chest _Free_pharmacy_set/Models/Disinfectant.fbx
  artifactKey: Guid(2f0791637b98f98439fd931a11b3ed24) Importer(815301076,1909f56bfc062723c751e8b465ee728b)
Start importing Assets/Medicine_chest _Free_pharmacy_set/Models/Disinfectant.fbx using Guid(2f0791637b98f98439fd931a11b3ed24) Importer(815301076,1909f56bfc062723c751e8b465ee728b)  -> (artifact id: 'f829218dd53c77592c9d9f0fb5a39797') in 0.075604 seconds 
  Import took 0.078994 seconds .

========================================================================
Received Prepare
Registering precompiled user dll's ...
Registered in 0.004038 seconds.
Begin MonoManager ReloadAssembly
Native extension for WindowsStandalone target not found
Refreshing native plugins compatible for Editor in 0.46 ms, found 2 plugins.
Preloading 0 native plugins for Editor in 0.00 ms.
Mono: successfully reloaded assembly
- Completed reload, in  1.011 seconds
Domain Reload Profiling:
	ReloadAssembly (1012ms)
		BeginReloadAssembly (113ms)
			ExecutionOrderSort (0ms)
			DisableScriptedObjects (5ms)
			BackupInstance (0ms)
			ReleaseScriptingObjects (0ms)
			CreateAndSetChildDomain (39ms)
		EndReloadAssembly (841ms)
			LoadAssemblies (77ms)
			RebuildTransferFunctionScriptingTraits (0ms)
			SetupTypeCache (273ms)
			ReleaseScriptCaches (1ms)
			RebuildScriptCaches (36ms)
			SetupLoadedEditorAssemblies (360ms)
				LogAssemblyErrors (0ms)
				InitializePlatformSupportModulesInManaged (5ms)
				SetLoadedEditorAssemblies (1ms)
				RefreshPlugins (1ms)
				BeforeProcessingInitializeOnLoad (71ms)
				ProcessInitializeOnLoadAttributes (271ms)
				ProcessInitializeOnLoadMethodAttributes (8ms)
				AfterProcessingInitializeOnLoad (4ms)
				EditorAssembliesLoaded (0ms)
			ExecutionOrderSort2 (0ms)
			AwakeInstancesAfterBackupRestoration (6ms)
Platform modules already initialized, skipping
Refreshing native plugins compatible for Editor in 0.45 ms, found 2 plugins.
Preloading 0 native plugins for Editor in 0.00 ms.
Unloading 1966 Unused Serialized files (Serialized files now loaded: 0)
System memory in use before: 110.0 MB.
System memory in use after: 110.0 MB.

Unloading 17 unused Assets to reduce memory usage. Loaded Objects now: 2492.
Total: 2.946300 ms (FindLiveObjects: 0.189000 ms CreateObjectMapping: 0.070500 ms MarkObjects: 2.599700 ms  DeleteObjects: 0.086200 ms)

AssetImportParameters requested are different than current active one (requested -> active):
  custom:framework-win-MediaFoundation: 216162199b28c13a410421893ffa2e32 -> 
  custom:video-decoder-ogg-theora: a1e56fd34408186e4bbccfd4996cb3dc -> 
  custom:container-muxer-webm: aa71ff27fc2769a1b78a27578f13a17b -> 
  custom:container-demuxer-webm: 4f35f7cbe854078d1ac9338744f61a02 -> 
  custom:container-demuxer-ogg: 62fdf1f143b41e24485cea50d1cbac27 -> 
  custom:video-encoder-webm-vp8: eb34c28f22e8b96e1ab97ce403110664 -> 
  custom:video-codec-MediaFoundation-h265: 746d11721c4dcdbdad8f713fa42b33f4 -> 
  custom:video-decoder-webm-vp8: 9c59270c3fd7afecdb556c50c9e8de78 -> 
  custom:audio-decoder-ogg-vorbis: bf7c407c2cedff20999df2af8eb42d56 -> 
  custom:audio-encoder-webm-vorbis: bf7c407c2cedff20999df2af8eb42d56 -> 
========================================================================
Received Prepare
Registering precompiled user dll's ...
Registered in 0.003824 seconds.
Begin MonoManager ReloadAssembly
Native extension for WindowsStandalone target not found
Refreshing native plugins compatible for Editor in 0.49 ms, found 2 plugins.
Preloading 0 native plugins for Editor in 0.00 ms.
Mono: successfully reloaded assembly
- Completed reload, in  1.064 seconds
Domain Reload Profiling:
	ReloadAssembly (1064ms)
		BeginReloadAssembly (101ms)
			ExecutionOrderSort (0ms)
			DisableScriptedObjects (4ms)
			BackupInstance (0ms)
			ReleaseScriptingObjects (0ms)
			CreateAndSetChildDomain (32ms)
		EndReloadAssembly (902ms)
			LoadAssemblies (79ms)
			RebuildTransferFunctionScriptingTraits (0ms)
			SetupTypeCache (303ms)
			ReleaseScriptCaches (1ms)
			RebuildScriptCaches (44ms)
			SetupLoadedEditorAssemblies (375ms)
				LogAssemblyErrors (0ms)
				InitializePlatformSupportModulesInManaged (5ms)
				SetLoadedEditorAssemblies (0ms)
				RefreshPlugins (1ms)
				BeforeProcessingInitializeOnLoad (77ms)
				ProcessInitializeOnLoadAttributes (280ms)
				ProcessInitializeOnLoadMethodAttributes (8ms)
				AfterProcessingInitializeOnLoad (4ms)
				EditorAssembliesLoaded (0ms)
			ExecutionOrderSort2 (0ms)
			AwakeInstancesAfterBackupRestoration (8ms)
Platform modules already initialized, skipping
Refreshing native plugins compatible for Editor in 0.46 ms, found 2 plugins.
Preloading 0 native plugins for Editor in 0.00 ms.
Unloading 1967 Unused Serialized files (Serialized files now loaded: 0)
System memory in use before: 110.0 MB.
System memory in use after: 110.0 MB.

Unloading 16 unused Assets to reduce memory usage. Loaded Objects now: 2495.
Total: 2.832200 ms (FindLiveObjects: 0.190200 ms CreateObjectMapping: 0.074300 ms MarkObjects: 2.486800 ms  DeleteObjects: 0.080000 ms)

AssetImportParameters requested are different than current active one (requested -> active):
  custom:framework-win-MediaFoundation: 216162199b28c13a410421893ffa2e32 -> 
  custom:video-decoder-ogg-theora: a1e56fd34408186e4bbccfd4996cb3dc -> 
  custom:container-muxer-webm: aa71ff27fc2769a1b78a27578f13a17b -> 
  custom:container-demuxer-webm: 4f35f7cbe854078d1ac9338744f61a02 -> 
  custom:container-demuxer-ogg: 62fdf1f143b41e24485cea50d1cbac27 -> 
  custom:video-encoder-webm-vp8: eb34c28f22e8b96e1ab97ce403110664 -> 
  custom:video-codec-MediaFoundation-h265: 746d11721c4dcdbdad8f713fa42b33f4 -> 
  custom:video-decoder-webm-vp8: 9c59270c3fd7afecdb556c50c9e8de78 -> 
  custom:audio-decoder-ogg-vorbis: bf7c407c2cedff20999df2af8eb42d56 -> 
  custom:audio-encoder-webm-vorbis: bf7c407c2cedff20999df2af8eb42d56 -> 
========================================================================
Received Import Request.
  Time since last request: 227.411271 seconds.
  path: Assets/EasyGrassSubstance
  artifactKey: Guid(a40a245b7f436364fb16eed1ed01d617) Importer(815301076,1909f56bfc062723c751e8b465ee728b)
Start importing Assets/EasyGrassSubstance using Guid(a40a245b7f436364fb16eed1ed01d617) Importer(815301076,1909f56bfc062723c751e8b465ee728b)  -> (artifact id: '91992746089f36079c3e7cd5a5f2feb5') in 0.026891 seconds 
  Import took 0.030289 seconds .

========================================================================
Received Import Request.
  Time since last request: 3.294897 seconds.
  path: Assets/EasyGrassSubstance/Example Scene
  artifactKey: Guid(a2c4ab5df6789bc45a3d28de8d111de5) Importer(815301076,1909f56bfc062723c751e8b465ee728b)
Start importing Assets/EasyGrassSubstance/Example Scene using Guid(a2c4ab5df6789bc45a3d28de8d111de5) Importer(815301076,1909f56bfc062723c751e8b465ee728b)  -> (artifact id: 'bb51847c749bb49757e22c3bf5048496') in 0.023394 seconds 
  Import took 0.026704 seconds .

========================================================================
Received Import Request.
  Time since last request: 6.499639 seconds.
  path: Assets/EasyGrassSubstance/Example Scene/ObjectRotation.cs
  artifactKey: Guid(bde38f647f458ba4fa9e9a6e40ad9b62) Importer(815301076,1909f56bfc062723c751e8b465ee728b)
Start importing Assets/EasyGrassSubstance/Example Scene/ObjectRotation.cs using Guid(bde38f647f458ba4fa9e9a6e40ad9b62) Importer(815301076,1909f56bfc062723c751e8b465ee728b)  -> (artifact id: '7bda46ee2acc0faeb46699852a482400') in 0.024848 seconds 
  Import took 0.028054 seconds .

========================================================================
Received Prepare
Registering precompiled user dll's ...
Registered in 0.007113 seconds.
Begin MonoManager ReloadAssembly
Native extension for WindowsStandalone target not found
Refreshing native plugins compatible for Editor in 0.47 ms, found 2 plugins.
Preloading 0 native plugins for Editor in 0.00 ms.
Mono: successfully reloaded assembly
- Completed reload, in  1.048 seconds
Domain Reload Profiling:
	ReloadAssembly (1049ms)
		BeginReloadAssembly (127ms)
			ExecutionOrderSort (0ms)
			DisableScriptedObjects (7ms)
			BackupInstance (0ms)
			ReleaseScriptingObjects (0ms)
			CreateAndSetChildDomain (44ms)
		EndReloadAssembly (849ms)
			LoadAssemblies (88ms)
			RebuildTransferFunctionScriptingTraits (0ms)
			SetupTypeCache (272ms)
			ReleaseScriptCaches (1ms)
			RebuildScriptCaches (39ms)
			SetupLoadedEditorAssemblies (359ms)
				LogAssemblyErrors (0ms)
				InitializePlatformSupportModulesInManaged (5ms)
				SetLoadedEditorAssemblies (0ms)
				RefreshPlugins (1ms)
				BeforeProcessingInitializeOnLoad (71ms)
				ProcessInitializeOnLoadAttributes (271ms)
				ProcessInitializeOnLoadMethodAttributes (7ms)
				AfterProcessingInitializeOnLoad (4ms)
				EditorAssembliesLoaded (0ms)
			ExecutionOrderSort2 (0ms)
			AwakeInstancesAfterBackupRestoration (6ms)
Platform modules already initialized, skipping
Refreshing native plugins compatible for Editor in 0.49 ms, found 2 plugins.
Preloading 0 native plugins for Editor in 0.00 ms.
Unloading 1966 Unused Serialized files (Serialized files now loaded: 0)
System memory in use before: 110.0 MB.
System memory in use after: 110.0 MB.

Unloading 17 unused Assets to reduce memory usage. Loaded Objects now: 2496.
Total: 2.994100 ms (FindLiveObjects: 0.205300 ms CreateObjectMapping: 0.077200 ms MarkObjects: 2.616500 ms  DeleteObjects: 0.093500 ms)

AssetImportParameters requested are different than current active one (requested -> active):
  custom:framework-win-MediaFoundation: 216162199b28c13a410421893ffa2e32 -> 
  custom:video-decoder-ogg-theora: a1e56fd34408186e4bbccfd4996cb3dc -> 
  custom:container-muxer-webm: aa71ff27fc2769a1b78a27578f13a17b -> 
  custom:container-demuxer-webm: 4f35f7cbe854078d1ac9338744f61a02 -> 
  custom:container-demuxer-ogg: 62fdf1f143b41e24485cea50d1cbac27 -> 
  custom:video-encoder-webm-vp8: eb34c28f22e8b96e1ab97ce403110664 -> 
  custom:video-codec-MediaFoundation-h265: 746d11721c4dcdbdad8f713fa42b33f4 -> 
  custom:video-decoder-webm-vp8: 9c59270c3fd7afecdb556c50c9e8de78 -> 
  custom:audio-decoder-ogg-vorbis: bf7c407c2cedff20999df2af8eb42d56 -> 
  custom:audio-encoder-webm-vorbis: bf7c407c2cedff20999df2af8eb42d56 -> 
========================================================================
Received Import Request.
  Time since last request: 128.935613 seconds.
  path: Assets/_TerrainAutoUpgrade
  artifactKey: Guid(0dda3807f007d5d44b3b08285cbf7337) Importer(815301076,1909f56bfc062723c751e8b465ee728b)
Start importing Assets/_TerrainAutoUpgrade using Guid(0dda3807f007d5d44b3b08285cbf7337) Importer(815301076,1909f56bfc062723c751e8b465ee728b)  -> (artifact id: 'fc3c2e705fb9868a33f3221fded70067') in 0.033958 seconds 
  Import took 0.039449 seconds .

========================================================================
Received Import Request.
  Time since last request: 0.024592 seconds.
  path: Assets/_TerrainAutoUpgrade/layer_Grass01_BigUVd261c09ae55ba1e3.terrainlayer
  artifactKey: Guid(22f2d96a659a06d458fed9215d698639) Importer(815301076,1909f56bfc062723c751e8b465ee728b)
Start importing Assets/_TerrainAutoUpgrade/layer_Grass01_BigUVd261c09ae55ba1e3.terrainlayer using Guid(22f2d96a659a06d458fed9215d698639) Importer(815301076,1909f56bfc062723c751e8b465ee728b)  -> (artifact id: 'fa2c14b9ba81a304733cbc29db22b675') in 0.093873 seconds 
  Import took 0.098120 seconds .

========================================================================
Received Import Request.
  Time since last request: 2.351448 seconds.
  path: Assets/GrassFlowers/Textures/Ground/Grass01_BigUV.png
  artifactKey: Guid(38bb15d6b378aff46b461e248592d1da) Importer(815301076,1909f56bfc062723c751e8b465ee728b)
Start importing Assets/GrassFlowers/Textures/Ground/Grass01_BigUV.png using Guid(38bb15d6b378aff46b461e248592d1da) Importer(815301076,1909f56bfc062723c751e8b465ee728b)  -> (artifact id: 'f546b4069e85152baf475005701c4b15') in 0.064258 seconds 
  Import took 0.067619 seconds .

========================================================================
Received Prepare
Registering precompiled user dll's ...
Registered in 0.007006 seconds.
Begin MonoManager ReloadAssembly
Native extension for WindowsStandalone target not found
Refreshing native plugins compatible for Editor in 0.97 ms, found 2 plugins.
Preloading 0 native plugins for Editor in 0.00 ms.
Mono: successfully reloaded assembly
- Completed reload, in  2.089 seconds
Domain Reload Profiling:
	ReloadAssembly (2089ms)
		BeginReloadAssembly (167ms)
			ExecutionOrderSort (0ms)
			DisableScriptedObjects (7ms)
			BackupInstance (0ms)
			ReleaseScriptingObjects (0ms)
			CreateAndSetChildDomain (53ms)
		EndReloadAssembly (1832ms)
			LoadAssemblies (145ms)
			RebuildTransferFunctionScriptingTraits (0ms)
			SetupTypeCache (466ms)
			ReleaseScriptCaches (1ms)
			RebuildScriptCaches (82ms)
			SetupLoadedEditorAssemblies (817ms)
				LogAssemblyErrors (0ms)
				InitializePlatformSupportModulesInManaged (17ms)
				SetLoadedEditorAssemblies (1ms)
				RefreshPlugins (1ms)
				BeforeProcessingInitializeOnLoad (149ms)
				ProcessInitializeOnLoadAttributes (629ms)
				ProcessInitializeOnLoadMethodAttributes (13ms)
				AfterProcessingInitializeOnLoad (7ms)
				EditorAssembliesLoaded (0ms)
			ExecutionOrderSort2 (0ms)
			AwakeInstancesAfterBackupRestoration (11ms)
Platform modules already initialized, skipping
Refreshing native plugins compatible for Editor in 1.15 ms, found 2 plugins.
Preloading 0 native plugins for Editor in 0.00 ms.
Unloading 1967 Unused Serialized files (Serialized files now loaded: 0)
System memory in use before: 110.2 MB.
System memory in use after: 110.2 MB.

Unloading 16 unused Assets to reduce memory usage. Loaded Objects now: 2502.
Total: 5.576200 ms (FindLiveObjects: 0.343100 ms CreateObjectMapping: 0.116600 ms MarkObjects: 4.804900 ms  DeleteObjects: 0.309500 ms)

AssetImportParameters requested are different than current active one (requested -> active):
  custom:framework-win-MediaFoundation: 216162199b28c13a410421893ffa2e32 -> 
  custom:video-decoder-ogg-theora: a1e56fd34408186e4bbccfd4996cb3dc -> 
  custom:container-muxer-webm: aa71ff27fc2769a1b78a27578f13a17b -> 
  custom:container-demuxer-webm: 4f35f7cbe854078d1ac9338744f61a02 -> 
  custom:container-demuxer-ogg: 62fdf1f143b41e24485cea50d1cbac27 -> 
  custom:video-encoder-webm-vp8: eb34c28f22e8b96e1ab97ce403110664 -> 
  custom:video-codec-MediaFoundation-h265: 746d11721c4dcdbdad8f713fa42b33f4 -> 
  custom:video-decoder-webm-vp8: 9c59270c3fd7afecdb556c50c9e8de78 -> 
  custom:audio-decoder-ogg-vorbis: bf7c407c2cedff20999df2af8eb42d56 -> 
  custom:audio-encoder-webm-vorbis: bf7c407c2cedff20999df2af8eb42d56 -> 
========================================================================
Received Import Request.
  Time since last request: 274.315191 seconds.
  path: Assets/EasyGrassSubstance/Example Scene/DemoScene.unity
  artifactKey: Guid(63f10f85217db30409984d42d5e89c48) Importer(815301076,1909f56bfc062723c751e8b465ee728b)
Start importing Assets/EasyGrassSubstance/Example Scene/DemoScene.unity using Guid(63f10f85217db30409984d42d5e89c48) Importer(815301076,1909f56bfc062723c751e8b465ee728b)  -> (artifact id: 'd59b01bd350325dfaf9d5c580776a6a0') in 0.034533 seconds 
  Import took 0.037565 seconds .

========================================================================
Received Import Request.
  Time since last request: 19.559686 seconds.
  path: Assets/EasyGrassSubstance/EasyGrass.sbsar
  artifactKey: Guid(2d61727e85b0a424faa0bfdaf2521ae5) Importer(815301076,1909f56bfc062723c751e8b465ee728b)
Start importing Assets/EasyGrassSubstance/EasyGrass.sbsar using Guid(2d61727e85b0a424faa0bfdaf2521ae5) Importer(815301076,1909f56bfc062723c751e8b465ee728b)  -> (artifact id: '5597c1d7925147ddd3a49d0b0eef1fcf') in 0.026528 seconds 
  Import took 0.029938 seconds .

========================================================================
Received Import Request.
  Time since last request: 17.418208 seconds.
  path: Assets/Hospital Room/Scene
  artifactKey: Guid(b74ade78c3022be42a63b3728964f7c3) Importer(815301076,1909f56bfc062723c751e8b465ee728b)
Start importing Assets/Hospital Room/Scene using Guid(b74ade78c3022be42a63b3728964f7c3) Importer(815301076,1909f56bfc062723c751e8b465ee728b)  -> (artifact id: '448d52e5f00b21b9c32cdb58b87850ba') in 0.022591 seconds 
  Import took 0.026734 seconds .

========================================================================
Received Import Request.
  Time since last request: 3.941423 seconds.
  path: Assets/Hospital Room/Demo.unity
  artifactKey: Guid(cd544f8ac9eab4d43a564fa2248de02d) Importer(815301076,1909f56bfc062723c751e8b465ee728b)
Start importing Assets/Hospital Room/Demo.unity using Guid(cd544f8ac9eab4d43a564fa2248de02d) Importer(815301076,1909f56bfc062723c751e8b465ee728b)  -> (artifact id: '2b46971d759bec0ab7dcdf27386c1fbb') in 0.023058 seconds 
  Import took 0.026667 seconds .

========================================================================
Received Import Request.
  Time since last request: 9.415134 seconds.
  path: Assets/Scenes/SampleScene.unity
  artifactKey: Guid(9fc0d4010bbf28b4594072e72b8655ab) Importer(815301076,1909f56bfc062723c751e8b465ee728b)
Start importing Assets/Scenes/SampleScene.unity using Guid(9fc0d4010bbf28b4594072e72b8655ab) Importer(815301076,1909f56bfc062723c751e8b465ee728b)  -> (artifact id: '56183a42356930568c16d39ac7c902f0') in 0.033357 seconds 
  Import took 0.038778 seconds .

========================================================================
Received Import Request.
  Time since last request: 46.477693 seconds.
  path: Assets/Hospital Room/Scene/Demo.unity
  artifactKey: Guid(d3f737cb3030b6943afcdf1b55b73b9b) Importer(815301076,1909f56bfc062723c751e8b465ee728b)
Start importing Assets/Hospital Room/Scene/Demo.unity using Guid(d3f737cb3030b6943afcdf1b55b73b9b) Importer(815301076,1909f56bfc062723c751e8b465ee728b)  -> (artifact id: '0c72600b5a849ad1f1c5ea59f33620f5') in 0.022873 seconds 
  Import took 0.027059 seconds .

