Using pre-set license
Built from '2020.3/staging' branch; Version is '2020.3.22f1 (e1a7f79fd887) revision 14788599'; Using compiler version '192528614'; Build Type 'Release'
OS: 'Windows 10 Home; OS build 22000.434; Version 2009; 64bit' Language: 'de' Physical Memory: 8036 MB
BatchMode: 1, IsHumanControllingUs: 0, StartBugReporterOnCrash: 0, Is64bit: 1, IsPro: 0

COMMAND LINE ARGUMENTS:
C:\Program Files\Unity\Hub\Editor\2020.3.22f1\Editor\Unity.exe
-adb2
-batchMode
-noUpm
-name
AssetImportWorker0
-projectPath
C:/Users/m-ber/Documents/Human-Robot-Interaction-2/My project
-logFile
Logs/AssetImportWorker0.log
-srvPort
60525
Successfully changed project path to: C:/Users/m-ber/Documents/Human-Robot-Interaction-2/My project
C:/Users/m-ber/Documents/Human-Robot-Interaction-2/My project
Using Asset Import Pipeline V2.
Refreshing native plugins compatible for Editor in 197.69 ms, found 2 plugins.
Preloading 0 native plugins for Editor in 0.00 ms.
Initialize engine version: 2020.3.22f1 (e1a7f79fd887)
[Subsystems] Discovering subsystems at path C:/Program Files/Unity/Hub/Editor/2020.3.22f1/Editor/Data/Resources/UnitySubsystems
[Subsystems] Discovering subsystems at path C:/Users/m-ber/Documents/Human-Robot-Interaction-2/My project/Assets
GfxDevice: creating device client; threaded=0
Direct3D:
    Version:  Direct3D 11.0 [level 11.1]
    Renderer: NVIDIA GeForce GTX 1050 (ID=0x1c91)
    Vendor:   
    VRAM:     2996 MB
    Driver:   30.0.14.7141
Initialize mono
Mono path[0] = 'C:/Program Files/Unity/Hub/Editor/2020.3.22f1/Editor/Data/Managed'
Mono path[1] = 'C:/Program Files/Unity/Hub/Editor/2020.3.22f1/Editor/Data/MonoBleedingEdge/lib/mono/unityjit'
Mono config path = 'C:/Program Files/Unity/Hub/Editor/2020.3.22f1/Editor/Data/MonoBleedingEdge/etc'
Using monoOptions --debugger-agent=transport=dt_socket,embedding=1,server=y,suspend=n,address=127.0.0.1:56272
Begin MonoManager ReloadAssembly
Registering precompiled unity dll's ...
Register platform support module: C:/Program Files/Unity/Hub/Editor/2020.3.22f1/Editor/Data/PlaybackEngines/WindowsStandaloneSupport/UnityEditor.WindowsStandalone.Extensions.dll
Registered in 0.005712 seconds.
Native extension for WindowsStandalone target not found
Refreshing native plugins compatible for Editor in 71.19 ms, found 2 plugins.
Preloading 0 native plugins for Editor in 0.00 ms.
Mono: successfully reloaded assembly
- Completed reload, in  2.470 seconds
Domain Reload Profiling:
	ReloadAssembly (2470ms)
		BeginReloadAssembly (97ms)
			ExecutionOrderSort (0ms)
			DisableScriptedObjects (0ms)
			BackupInstance (0ms)
			ReleaseScriptingObjects (0ms)
			CreateAndSetChildDomain (1ms)
		EndReloadAssembly (686ms)
			LoadAssemblies (92ms)
			RebuildTransferFunctionScriptingTraits (0ms)
			SetupTypeCache (256ms)
			ReleaseScriptCaches (0ms)
			RebuildScriptCaches (40ms)
			SetupLoadedEditorAssemblies (252ms)
				LogAssemblyErrors (0ms)
				InitializePlatformSupportModulesInManaged (4ms)
				SetLoadedEditorAssemblies (0ms)
				RefreshPlugins (71ms)
				BeforeProcessingInitializeOnLoad (19ms)
				ProcessInitializeOnLoadAttributes (115ms)
				ProcessInitializeOnLoadMethodAttributes (41ms)
				AfterProcessingInitializeOnLoad (0ms)
				EditorAssembliesLoaded (0ms)
			ExecutionOrderSort2 (0ms)
			AwakeInstancesAfterBackupRestoration (0ms)
Platform modules already initialized, skipping
Registering precompiled user dll's ...
Registered in 0.011743 seconds.
Begin MonoManager ReloadAssembly
Native extension for WindowsStandalone target not found
Refreshing native plugins compatible for Editor in 0.61 ms, found 2 plugins.
Preloading 0 native plugins for Editor in 0.00 ms.
Mono: successfully reloaded assembly
- Completed reload, in  2.807 seconds
Domain Reload Profiling:
	ReloadAssembly (2809ms)
		BeginReloadAssembly (282ms)
			ExecutionOrderSort (0ms)
			DisableScriptedObjects (8ms)
			BackupInstance (0ms)
			ReleaseScriptingObjects (0ms)
			CreateAndSetChildDomain (41ms)
		EndReloadAssembly (2407ms)
			LoadAssemblies (177ms)
			RebuildTransferFunctionScriptingTraits (0ms)
			SetupTypeCache (460ms)
			ReleaseScriptCaches (0ms)
			RebuildScriptCaches (63ms)
			SetupLoadedEditorAssemblies (1576ms)
				LogAssemblyErrors (0ms)
				InitializePlatformSupportModulesInManaged (6ms)
				SetLoadedEditorAssemblies (1ms)
				RefreshPlugins (1ms)
				BeforeProcessingInitializeOnLoad (192ms)
				ProcessInitializeOnLoadAttributes (1354ms)
				ProcessInitializeOnLoadMethodAttributes (16ms)
				AfterProcessingInitializeOnLoad (6ms)
				EditorAssembliesLoaded (0ms)
			ExecutionOrderSort2 (0ms)
			AwakeInstancesAfterBackupRestoration (10ms)
Platform modules already initialized, skipping
========================================================================
Worker process is ready to serve import requests
Launched and connected shader compiler UnityShaderCompiler.exe after 0.09 seconds
Refreshing native plugins compatible for Editor in 0.98 ms, found 2 plugins.
Preloading 0 native plugins for Editor in 0.00 ms.
Unloading 1995 Unused Serialized files (Serialized files now loaded: 0)
System memory in use before: 94.6 MB.
System memory in use after: 94.7 MB.

Unloading 20 unused Assets to reduce memory usage. Loaded Objects now: 2427.
Total: 7.872400 ms (FindLiveObjects: 0.459300 ms CreateObjectMapping: 0.204200 ms MarkObjects: 7.046800 ms  DeleteObjects: 0.160100 ms)

AssetImportParameters requested are different than current active one (requested -> active):
  custom:framework-win-MediaFoundation: 216162199b28c13a410421893ffa2e32 -> 
  custom:video-decoder-ogg-theora: a1e56fd34408186e4bbccfd4996cb3dc -> 
  custom:container-muxer-webm: aa71ff27fc2769a1b78a27578f13a17b -> 
  custom:container-demuxer-webm: 4f35f7cbe854078d1ac9338744f61a02 -> 
  custom:container-demuxer-ogg: 62fdf1f143b41e24485cea50d1cbac27 -> 
  custom:video-encoder-webm-vp8: eb34c28f22e8b96e1ab97ce403110664 -> 
  custom:video-codec-MediaFoundation-h265: 746d11721c4dcdbdad8f713fa42b33f4 -> 
  custom:video-decoder-webm-vp8: 9c59270c3fd7afecdb556c50c9e8de78 -> 
  custom:audio-decoder-ogg-vorbis: bf7c407c2cedff20999df2af8eb42d56 -> 
  custom:audio-encoder-webm-vorbis: bf7c407c2cedff20999df2af8eb42d56 -> 
========================================================================
Received Import Request.
  path: Assets/10117_iPad_Tablet-PC_v01_iterations-2.obj
  artifactKey: Guid(0e0ca3928f4493a4b915b5ad303a55df) Importer(815301076,1909f56bfc062723c751e8b465ee728b)
Start importing Assets/10117_iPad_Tablet-PC_v01_iterations-2.obj using Guid(0e0ca3928f4493a4b915b5ad303a55df) Importer(815301076,1909f56bfc062723c751e8b465ee728b)  -> (artifact id: '72a45b02a3417f7b6facfbe947c338e0') in 0.745885 seconds 
  Import took 0.751505 seconds .

========================================================================
Received Import Request.
  Time since last request: 0.000466 seconds.
  path: Assets/10117_iPad_Tablet-PC_v01_difuse.jpg
  artifactKey: Guid(082dd821fcc4f4445a921dcabbd782e0) Importer(815301076,1909f56bfc062723c751e8b465ee728b)
Start importing Assets/10117_iPad_Tablet-PC_v01_difuse.jpg using Guid(082dd821fcc4f4445a921dcabbd782e0) Importer(815301076,1909f56bfc062723c751e8b465ee728b)  -> (artifact id: '02bc402acd63313b37a538067cd1aca4') in 0.137067 seconds 
  Import took 0.142531 seconds .

========================================================================
Received Import Request.
  Time since last request: 141.232921 seconds.
  path: Assets/Hospital Room
  artifactKey: Guid(829dec2dadb514b6ba504fa28e5b7b26) Importer(815301076,1909f56bfc062723c751e8b465ee728b)
Start importing Assets/Hospital Room using Guid(829dec2dadb514b6ba504fa28e5b7b26) Importer(815301076,1909f56bfc062723c751e8b465ee728b)  -> (artifact id: '5a0665a1e490a0f5346676ee13befce6') in 0.043839 seconds 
  Import took 0.048614 seconds .

========================================================================
Received Import Request.
  Time since last request: 0.000208 seconds.
  path: Assets/Hospital Room/New Terrain.asset
  artifactKey: Guid(555ed0cc420a55d4a8e3df0105150e3c) Importer(815301076,1909f56bfc062723c751e8b465ee728b)
Start importing Assets/Hospital Room/New Terrain.asset using Guid(555ed0cc420a55d4a8e3df0105150e3c) Importer(815301076,1909f56bfc062723c751e8b465ee728b)  -> (artifact id: '4cf0c90e0864a79be6b241f9d24799b6') in 0.067422 seconds 
  Import took 0.071481 seconds .

========================================================================
Received Import Request.
  Time since last request: 0.916574 seconds.
  path: Assets/Hospital Room/Scene
  artifactKey: Guid(b74ade78c3022be42a63b3728964f7c3) Importer(815301076,1909f56bfc062723c751e8b465ee728b)
Start importing Assets/Hospital Room/Scene using Guid(b74ade78c3022be42a63b3728964f7c3) Importer(815301076,1909f56bfc062723c751e8b465ee728b)  -> (artifact id: '448d52e5f00b21b9c32cdb58b87850ba') in 0.027262 seconds 
  Import took 0.030440 seconds .

========================================================================
Received Import Request.
  Time since last request: 0.095123 seconds.
  path: Assets/Hospital Room/Scene/Terrain.prefab
  artifactKey: Guid(735652a0567c2664cbe3f8f3ebc0e16b) Importer(815301076,1909f56bfc062723c751e8b465ee728b)
Start importing Assets/Hospital Room/Scene/Terrain.prefab using Guid(735652a0567c2664cbe3f8f3ebc0e16b) Importer(815301076,1909f56bfc062723c751e8b465ee728b)  -> (artifact id: '851c38271c95be4487da50f18f2e30c8') in 0.030207 seconds 
  Import took 0.033392 seconds .

========================================================================
Received Import Request.
  Time since last request: 1.114248 seconds.
  path: Assets/Hospital Room/Scene/Demo.unity
  artifactKey: Guid(d3f737cb3030b6943afcdf1b55b73b9b) Importer(815301076,1909f56bfc062723c751e8b465ee728b)
Start importing Assets/Hospital Room/Scene/Demo.unity using Guid(d3f737cb3030b6943afcdf1b55b73b9b) Importer(815301076,1909f56bfc062723c751e8b465ee728b)  -> (artifact id: '32e4d986aa62731a55c7b68b2882fba8') in 0.028425 seconds 
  Import took 0.032197 seconds .

========================================================================
Received Import Request.
  Time since last request: 66.131818 seconds.
  path: Assets/Characters
  artifactKey: Guid(8dfa89ae55dbeb94a9927389c8031c6b) Importer(815301076,1909f56bfc062723c751e8b465ee728b)
Start importing Assets/Characters using Guid(8dfa89ae55dbeb94a9927389c8031c6b) Importer(815301076,1909f56bfc062723c751e8b465ee728b)  -> (artifact id: '00acf7f9a4db5228a80db42fe6c03847') in 0.029406 seconds 
  Import took 0.033070 seconds .

========================================================================
Received Import Request.
  Time since last request: 0.790661 seconds.
  path: Assets/Characters/Oro
  artifactKey: Guid(389519d632772eb4ba3deb73c1e29fba) Importer(815301076,1909f56bfc062723c751e8b465ee728b)
Start importing Assets/Characters/Oro using Guid(389519d632772eb4ba3deb73c1e29fba) Importer(815301076,1909f56bfc062723c751e8b465ee728b)  -> (artifact id: 'a3a4125756fe994b8c7a0e8872c83950') in 0.033205 seconds 
  Import took 0.038158 seconds .

========================================================================
Received Import Request.
  Time since last request: 2.611933 seconds.
  path: Assets/Characters/Oro/prefabs
  artifactKey: Guid(7502fcac803ced94ab93d2946398f4ea) Importer(815301076,1909f56bfc062723c751e8b465ee728b)
Start importing Assets/Characters/Oro/prefabs using Guid(7502fcac803ced94ab93d2946398f4ea) Importer(815301076,1909f56bfc062723c751e8b465ee728b)  -> (artifact id: '9750f6552335e735c713b097e437582a') in 0.026884 seconds 
  Import took 0.030642 seconds .

========================================================================
Received Import Request.
  Time since last request: 0.078145 seconds.
  path: Assets/Characters/Oro/prefabs/Oro_pre.prefab
  artifactKey: Guid(81e53770ee389bd44afb12ef67be71e9) Importer(815301076,1909f56bfc062723c751e8b465ee728b)
Start importing Assets/Characters/Oro/prefabs/Oro_pre.prefab using Guid(81e53770ee389bd44afb12ef67be71e9) Importer(815301076,1909f56bfc062723c751e8b465ee728b)  -> (artifact id: '637855e1f89aa41a6f6013da990d6970') in 0.699868 seconds 
  Import took 0.704685 seconds .

AssetImportWorkerClient::OnTransportError - code=2 error=End of file
